<?xml version="1.0" encoding="UTF-8"?>
<!-- Generated by org.testng.reporters.JUnitXMLReporter -->
<testsuite hostname="Saddamjit" ignored="1" name="Default test" tests="1" failures="0" timestamp="16 Mar 2019 02:50:38 GMT" time="66.582" errors="0">
  <testcase name="TestCase2" time="59.639" classname="com.packages.student.AssignmentTest"/>
  <testcase name="TestCase1" time="0.0" classname="com.packages.student.AssignmentTest">
    <ignored/>
  </testcase> <!-- TestCase1 -->
</testsuite> <!-- Default test -->
